11:01:37.861 [main] INFO  testCases.TC001_AccountRegistrationTest - Starting test on Windows with browser: chrome
11:01:47.990 [main] INFO  testCases.TC002_LoginTest - Starting test on Windows with browser: chrome
11:03:40.848 [main] INFO  testCases.TC001_AccountRegistrationTest - Starting test on Windows with browser: chrome
11:03:46.206 [main] INFO  testCases.TC001_AccountRegistrationTest - ****** Starting TC001_Account Registration Test *****
11:03:46.426 [main] INFO  testCases.TC001_AccountRegistrationTest - Clicked on MyAccount Link....
11:03:47.005 [main] INFO  testCases.TC001_AccountRegistrationTest - Clicked on Register Link.....
11:03:47.008 [main] INFO  testCases.TC001_AccountRegistrationTest - Providing Customer Details.....
11:03:48.677 [main] INFO  testCases.TC001_AccountRegistrationTest - Validating Expected Message....
11:03:48.732 [main] INFO  testCases.TC001_AccountRegistrationTest - ****** Finished TC001_Account Registration Test *****
11:03:49.068 [main] INFO  testCases.TC002_LoginTest - Starting test on Windows with browser: chrome
11:03:53.610 [main] INFO  testCases.TC002_LoginTest - ****** Starting TC_002_LoginTest *****
11:07:34.930 [main] INFO  testCases.TC001_AccountRegistrationTest - Starting test on Windows with browser: chrome
11:07:40.742 [main] INFO  testCases.TC001_AccountRegistrationTest - ****** Starting TC001_Account Registration Test *****
11:07:40.940 [main] INFO  testCases.TC001_AccountRegistrationTest - Clicked on MyAccount Link....
11:07:41.547 [main] INFO  testCases.TC001_AccountRegistrationTest - Clicked on Register Link.....
11:07:41.551 [main] INFO  testCases.TC001_AccountRegistrationTest - Providing Customer Details.....
11:07:43.401 [main] INFO  testCases.TC001_AccountRegistrationTest - Validating Expected Message....
11:07:43.455 [main] INFO  testCases.TC001_AccountRegistrationTest - ****** Finished TC001_Account Registration Test *****
11:07:43.809 [main] INFO  testCases.TC002_LoginTest - Starting test on Windows with browser: chrome
11:07:48.552 [main] INFO  testCases.TC002_LoginTest - ****** Starting TC_002_LoginTest *****
11:07:50.766 [main] INFO  testCases.TC002_LoginTest - ****** Finished TC_002_LoginTest *****
11:08:36.663 [main] INFO  testCases.TC001_AccountRegistrationTest - Starting test on Windows with browser: chrome
11:08:43.651 [main] INFO  testCases.TC001_AccountRegistrationTest - ****** Starting TC001_Account Registration Test *****
11:08:44.234 [main] INFO  testCases.TC001_AccountRegistrationTest - Clicked on MyAccount Link....
11:08:45.044 [main] INFO  testCases.TC001_AccountRegistrationTest - Clicked on Register Link.....
11:08:45.044 [main] INFO  testCases.TC001_AccountRegistrationTest - Providing Customer Details.....
11:08:47.234 [main] INFO  testCases.TC001_AccountRegistrationTest - Validating Expected Message....
11:08:47.327 [main] INFO  testCases.TC001_AccountRegistrationTest - ****** Finished TC001_Account Registration Test *****
11:08:48.178 [main] INFO  testCases.TC002_LoginTest - Starting test on Windows with browser: chrome
11:08:53.549 [main] INFO  testCases.TC002_LoginTest - ****** Starting TC_002_LoginTest *****
11:08:56.023 [main] INFO  testCases.TC002_LoginTest - ****** Finished TC_002_LoginTest *****
11:08:56.719 [main] INFO  testCases.TC003_LoginDDT - Starting test on Windows with browser: chrome
11:09:05.186 [main] INFO  testCases.TC003_LoginDDT - ****** Starting TC003_LoginDDT *******
11:09:08.728 [main] INFO  testCases.TC003_LoginDDT - ****** Finished TC003_LoginDDT *******
11:09:08.734 [main] INFO  testCases.TC003_LoginDDT - ****** Starting TC003_LoginDDT *******
11:09:20.829 [main] INFO  testCases.TC003_LoginDDT - ****** Starting TC003_LoginDDT *******
11:09:32.363 [main] INFO  testCases.TC003_LoginDDT - ****** Starting TC003_LoginDDT *******
11:09:44.516 [main] INFO  testCases.TC003_LoginDDT - ****** Starting TC003_LoginDDT *******
11:09:56.205 [main] INFO  testCases.TC003_LoginDDT - ****** Starting TC003_LoginDDT *******
11:10:07.910 [main] INFO  testCases.TC003_LoginDDT - ****** Starting TC003_LoginDDT *******
11:37:20.600 [main] INFO  testCases.TC001_AccountRegistrationTest - Starting test on Windows with browser: chrome
11:37:25.988 [main] INFO  testCases.TC001_AccountRegistrationTest - ****** Starting TC001_Account Registration Test *****
11:37:26.137 [main] INFO  testCases.TC001_AccountRegistrationTest - Clicked on MyAccount Link....
11:37:26.766 [main] INFO  testCases.TC001_AccountRegistrationTest - Clicked on Register Link.....
11:37:26.768 [main] INFO  testCases.TC001_AccountRegistrationTest - Providing Customer Details.....
11:37:28.384 [main] INFO  testCases.TC001_AccountRegistrationTest - Validating Expected Message....
11:37:28.434 [main] INFO  testCases.TC001_AccountRegistrationTest - ****** Finished TC001_Account Registration Test *****
11:37:28.652 [main] INFO  testCases.TC002_LoginTest - Starting test on Windows with browser: chrome
11:37:32.913 [main] INFO  testCases.TC002_LoginTest - ****** Starting TC_002_LoginTest *****
11:37:34.583 [main] INFO  testCases.TC002_LoginTest - ****** Finished TC_002_LoginTest *****
11:37:34.807 [main] INFO  testCases.TC003_LoginDDT - Starting test on Windows with browser: chrome
11:37:40.684 [main] INFO  testCases.TC003_LoginDDT - ****** Starting TC003_LoginDDT *******
11:37:43.091 [main] INFO  testCases.TC003_LoginDDT - ****** Finished TC003_LoginDDT *******
11:37:43.095 [main] INFO  testCases.TC003_LoginDDT - ****** Starting TC003_LoginDDT *******
11:37:54.546 [main] INFO  testCases.TC003_LoginDDT - ****** Starting TC003_LoginDDT *******
11:38:05.832 [main] INFO  testCases.TC003_LoginDDT - ****** Starting TC003_LoginDDT *******
11:38:17.568 [main] INFO  testCases.TC003_LoginDDT - ****** Starting TC003_LoginDDT *******
11:38:29.169 [main] INFO  testCases.TC003_LoginDDT - ****** Starting TC003_LoginDDT *******
11:38:40.840 [main] INFO  testCases.TC003_LoginDDT - ****** Starting TC003_LoginDDT *******
12:12:28.429 [main] INFO  testCases.TC001_AccountRegistrationTest - Starting test on Windows with browser: chrome
12:12:34.461 [main] INFO  testCases.TC001_AccountRegistrationTest - ****** Starting TC001_Account Registration Test *****
12:12:34.975 [main] INFO  testCases.TC001_AccountRegistrationTest - Clicked on MyAccount Link....
12:12:35.616 [main] INFO  testCases.TC001_AccountRegistrationTest - Clicked on Register Link.....
12:12:35.637 [main] INFO  testCases.TC001_AccountRegistrationTest - Providing Customer Details.....
12:12:37.426 [main] INFO  testCases.TC001_AccountRegistrationTest - Validating Expected Message....
12:12:37.484 [main] INFO  testCases.TC001_AccountRegistrationTest - ****** Finished TC001_Account Registration Test *****
12:12:37.869 [main] INFO  testCases.TC002_LoginTest - Starting test on Windows with browser: chrome
12:12:42.509 [main] INFO  testCases.TC002_LoginTest - ****** Starting TC_002_LoginTest *****
12:12:44.327 [main] INFO  testCases.TC002_LoginTest - ****** Finished TC_002_LoginTest *****
12:26:53.657 [main] INFO  testCases.TC001_AccountRegistrationTest - Starting test on Windows with browser: chrome
12:26:59.287 [main] INFO  testCases.TC001_AccountRegistrationTest - ****** Starting TC001_Account Registration Test *****
12:26:59.586 [main] INFO  testCases.TC001_AccountRegistrationTest - Clicked on MyAccount Link....
12:27:00.228 [main] INFO  testCases.TC001_AccountRegistrationTest - Clicked on Register Link.....
12:27:00.232 [main] INFO  testCases.TC001_AccountRegistrationTest - Providing Customer Details.....
12:27:01.981 [main] INFO  testCases.TC001_AccountRegistrationTest - Validating Expected Message....
12:27:02.032 [main] INFO  testCases.TC001_AccountRegistrationTest - ****** Finished TC001_Account Registration Test *****
12:27:02.343 [main] INFO  testCases.TC002_LoginTest - Starting test on Windows with browser: chrome
12:27:06.960 [main] INFO  testCases.TC002_LoginTest - ****** Starting TC_002_LoginTest *****
12:27:08.916 [main] INFO  testCases.TC002_LoginTest - ****** Finished TC_002_LoginTest *****
14:46:24.602 [main] INFO  testCases.TC001_AccountRegistrationTest - Starting test on Windows with browser: chrome
14:46:30.241 [main] INFO  testCases.TC001_AccountRegistrationTest - ****** Starting TC001_Account Registration Test *****
14:46:30.465 [main] INFO  testCases.TC001_AccountRegistrationTest - Clicked on MyAccount Link....
14:46:31.032 [main] INFO  testCases.TC001_AccountRegistrationTest - Clicked on Register Link.....
14:46:31.051 [main] INFO  testCases.TC001_AccountRegistrationTest - Providing Customer Details.....
14:46:32.647 [main] INFO  testCases.TC001_AccountRegistrationTest - Validating Expected Message....
14:46:32.700 [main] INFO  testCases.TC001_AccountRegistrationTest - ****** Finished TC001_Account Registration Test *****
14:46:32.965 [main] INFO  testCases.TC002_LoginTest - Starting test on Windows with browser: chrome
14:46:37.433 [main] INFO  testCases.TC002_LoginTest - ****** Starting TC_002_LoginTest *****
14:46:39.166 [main] INFO  testCases.TC002_LoginTest - ****** Finished TC_002_LoginTest *****
14:46:39.430 [main] INFO  testCases.TC003_LoginDDT - Starting test on Windows with browser: chrome
14:46:45.191 [main] INFO  testCases.TC003_LoginDDT - ****** Starting TC003_LoginDDT *******
14:46:47.579 [main] INFO  testCases.TC003_LoginDDT - ****** Finished TC003_LoginDDT *******
14:46:47.584 [main] INFO  testCases.TC003_LoginDDT - ****** Starting TC003_LoginDDT *******
14:46:59.057 [main] INFO  testCases.TC003_LoginDDT - ****** Starting TC003_LoginDDT *******
14:47:10.772 [main] INFO  testCases.TC003_LoginDDT - ****** Starting TC003_LoginDDT *******
14:47:22.546 [main] INFO  testCases.TC003_LoginDDT - ****** Starting TC003_LoginDDT *******
14:47:34.230 [main] INFO  testCases.TC003_LoginDDT - ****** Starting TC003_LoginDDT *******
14:47:45.709 [main] INFO  testCases.TC003_LoginDDT - ****** Starting TC003_LoginDDT *******
14:54:28.002 [TestNG-tests-3] INFO  testCases.TC001_AccountRegistrationTest - Starting test on Windows with browser: firefox
14:54:36.055 [TestNG-tests-1] INFO  testCases.TC001_AccountRegistrationTest - ****** Starting TC001_Account Registration Test *****
14:54:36.055 [TestNG-tests-2] INFO  testCases.TC001_AccountRegistrationTest - ****** Starting TC001_Account Registration Test *****
14:54:36.250 [TestNG-tests-1] INFO  testCases.TC001_AccountRegistrationTest - Clicked on MyAccount Link....
14:54:36.509 [TestNG-tests-2] INFO  testCases.TC001_AccountRegistrationTest - Clicked on MyAccount Link....
14:54:46.654 [TestNG-tests-1] ERROR testCases.TC001_AccountRegistrationTest - Test Failed.....
org.openqa.selenium.ElementNotInteractableException: element not interactable
  (Session info: MicrosoftEdge=130.0.2849.80)
Build info: version: '4.20.0', revision: '866c76ca80'
System info: os.name: 'Windows 11', os.arch: 'amd64', os.version: '10.0', java.version: '17.0.12'
Driver info: org.openqa.selenium.edge.EdgeDriver
Command: [e9611acea17f3f0649a2431d3e89a322, clickElement {id=f.75A870EA0C06EFD9611C0E32A30884B7.d.D2970FF92CB8FDD9D55F5DBC1A4694B8.e.75}]
Capabilities {acceptInsecureCerts: false, browserName: MicrosoftEdge, browserVersion: 130.0.2849.80, fedcm:accounts: true, ms:edgeOptions: {debuggerAddress: localhost:61375}, msedge: {msedgedriverVersion: 130.0.2849.80 (bbf5e2881b22..., userDataDir: C:\Users\sivabr\AppData\Loc...}, networkConnectionEnabled: false, pageLoadStrategy: normal, platformName: windows, proxy: Proxy(), se:cdp: ws://localhost:61375/devtoo..., se:cdpVersion: 130.0.2849.80, setWindowRect: true, strictFileInteractability: false, timeouts: {implicit: 0, pageLoad: 300000, script: 30000}, unhandledPromptBehavior: dismiss and notify, webauthn:extension:credBlob: true, webauthn:extension:largeBlob: true, webauthn:extension:minPinLength: true, webauthn:extension:prf: true, webauthn:virtualAuthenticators: true}
Element: [[EdgeDriver: MicrosoftEdge on windows (e9611acea17f3f0649a2431d3e89a322)] -> xpath: //a[normalize-space()='Register']]
Session ID: e9611acea17f3f0649a2431d3e89a322
	at java.base/jdk.internal.reflect.NativeConstructorAccessorImpl.newInstance0(Native Method) ~[?:?]
	at java.base/jdk.internal.reflect.NativeConstructorAccessorImpl.newInstance(NativeConstructorAccessorImpl.java:77) ~[?:?]
	at java.base/jdk.internal.reflect.DelegatingConstructorAccessorImpl.newInstance(DelegatingConstructorAccessorImpl.java:45) ~[?:?]
	at java.base/java.lang.reflect.Constructor.newInstanceWithCaller(Constructor.java:500) ~[?:?]
	at java.base/java.lang.reflect.Constructor.newInstance(Constructor.java:481) ~[?:?]
	at org.openqa.selenium.remote.ErrorCodec.decode(ErrorCodec.java:167) ~[selenium-remote-driver-4.20.0.jar:?]
	at org.openqa.selenium.remote.codec.w3c.W3CHttpResponseCodec.decode(W3CHttpResponseCodec.java:138) ~[selenium-remote-driver-4.20.0.jar:?]
	at org.openqa.selenium.remote.codec.w3c.W3CHttpResponseCodec.decode(W3CHttpResponseCodec.java:50) ~[selenium-remote-driver-4.20.0.jar:?]
	at org.openqa.selenium.remote.HttpCommandExecutor.execute(HttpCommandExecutor.java:190) ~[selenium-remote-driver-4.20.0.jar:?]
	at org.openqa.selenium.remote.service.DriverCommandExecutor.invokeExecute(DriverCommandExecutor.java:216) ~[selenium-remote-driver-4.20.0.jar:?]
	at org.openqa.selenium.remote.service.DriverCommandExecutor.execute(DriverCommandExecutor.java:174) ~[selenium-remote-driver-4.20.0.jar:?]
	at org.openqa.selenium.remote.RemoteWebDriver.execute(RemoteWebDriver.java:518) ~[selenium-remote-driver-4.20.0.jar:?]
	at org.openqa.selenium.remote.RemoteWebElement.execute(RemoteWebElement.java:223) ~[selenium-remote-driver-4.20.0.jar:?]
	at org.openqa.selenium.remote.RemoteWebElement.click(RemoteWebElement.java:76) ~[selenium-remote-driver-4.20.0.jar:?]
	at java.base/jdk.internal.reflect.NativeMethodAccessorImpl.invoke0(Native Method) ~[?:?]
	at java.base/jdk.internal.reflect.NativeMethodAccessorImpl.invoke(NativeMethodAccessorImpl.java:77) ~[?:?]
	at java.base/jdk.internal.reflect.DelegatingMethodAccessorImpl.invoke(DelegatingMethodAccessorImpl.java:43) ~[?:?]
	at java.base/java.lang.reflect.Method.invoke(Method.java:569) ~[?:?]
	at org.openqa.selenium.support.pagefactory.internal.LocatingElementHandler.invoke(LocatingElementHandler.java:51) ~[selenium-support-4.20.0.jar:?]
	at jdk.proxy2/jdk.proxy2.$Proxy29.click(Unknown Source) ~[?:?]
	at pageObjects.HomePage.clickRegister(HomePage.java:30) ~[test-classes/:?]
	at testCases.TC001_AccountRegistrationTest.verify_account_registration(TC001_AccountRegistrationTest.java:22) ~[test-classes/:?]
	at java.base/jdk.internal.reflect.NativeMethodAccessorImpl.invoke0(Native Method) ~[?:?]
	at java.base/jdk.internal.reflect.NativeMethodAccessorImpl.invoke(NativeMethodAccessorImpl.java:77) ~[?:?]
	at java.base/jdk.internal.reflect.DelegatingMethodAccessorImpl.invoke(DelegatingMethodAccessorImpl.java:43) ~[?:?]
	at java.base/java.lang.reflect.Method.invoke(Method.java:569) ~[?:?]
	at org.testng.internal.invokers.MethodInvocationHelper.invokeMethod(MethodInvocationHelper.java:139) ~[testng-7.8.0.jar:7.8.0]
	at org.testng.internal.invokers.TestInvoker.invokeMethod(TestInvoker.java:664) ~[testng-7.8.0.jar:7.8.0]
	at org.testng.internal.invokers.TestInvoker.invokeTestMethod(TestInvoker.java:227) ~[testng-7.8.0.jar:7.8.0]
	at org.testng.internal.invokers.MethodRunner.runInSequence(MethodRunner.java:50) ~[testng-7.8.0.jar:7.8.0]
	at org.testng.internal.invokers.TestInvoker$MethodInvocationAgent.invoke(TestInvoker.java:957) ~[testng-7.8.0.jar:7.8.0]
	at org.testng.internal.invokers.TestInvoker.invokeTestMethods(TestInvoker.java:200) ~[testng-7.8.0.jar:7.8.0]
	at org.testng.internal.invokers.TestMethodWorker.invokeTestMethods(TestMethodWorker.java:148) ~[testng-7.8.0.jar:7.8.0]
	at org.testng.internal.invokers.TestMethodWorker.run(TestMethodWorker.java:128) ~[testng-7.8.0.jar:7.8.0]
	at java.base/java.util.ArrayList.forEach(ArrayList.java:1511) ~[?:?]
	at org.testng.TestRunner.privateRun(TestRunner.java:848) ~[testng-7.8.0.jar:7.8.0]
	at org.testng.TestRunner.run(TestRunner.java:621) ~[testng-7.8.0.jar:7.8.0]
	at org.testng.SuiteRunner.runTest(SuiteRunner.java:443) ~[testng-7.8.0.jar:7.8.0]
	at org.testng.SuiteRunner$SuiteWorker.run(SuiteRunner.java:481) ~[testng-7.8.0.jar:7.8.0]
	at org.testng.internal.thread.ThreadUtil.lambda$execute$0(ThreadUtil.java:58) ~[testng-7.8.0.jar:7.8.0]
	at java.base/java.util.concurrent.FutureTask.run(FutureTask.java:264) [?:?]
	at java.base/java.util.concurrent.ThreadPoolExecutor.runWorker(ThreadPoolExecutor.java:1136) [?:?]
	at java.base/java.util.concurrent.ThreadPoolExecutor$Worker.run(ThreadPoolExecutor.java:635) [?:?]
	at java.base/java.lang.Thread.run(Thread.java:840) [?:?]
14:54:56.717 [TestNG-tests-2] ERROR testCases.TC001_AccountRegistrationTest - Test Failed.....
org.openqa.selenium.ElementNotInteractableException: element not interactable
  (Session info: MicrosoftEdge=130.0.2849.80)
Build info: version: '4.20.0', revision: '866c76ca80'
System info: os.name: 'Windows 11', os.arch: 'amd64', os.version: '10.0', java.version: '17.0.12'
Driver info: org.openqa.selenium.edge.EdgeDriver
Command: [e9611acea17f3f0649a2431d3e89a322, clickElement {id=f.75A870EA0C06EFD9611C0E32A30884B7.d.D2970FF92CB8FDD9D55F5DBC1A4694B8.e.75}]
Capabilities {acceptInsecureCerts: false, browserName: MicrosoftEdge, browserVersion: 130.0.2849.80, fedcm:accounts: true, ms:edgeOptions: {debuggerAddress: localhost:61375}, msedge: {msedgedriverVersion: 130.0.2849.80 (bbf5e2881b22..., userDataDir: C:\Users\sivabr\AppData\Loc...}, networkConnectionEnabled: false, pageLoadStrategy: normal, platformName: windows, proxy: Proxy(), se:cdp: ws://localhost:61375/devtoo..., se:cdpVersion: 130.0.2849.80, setWindowRect: true, strictFileInteractability: false, timeouts: {implicit: 0, pageLoad: 300000, script: 30000}, unhandledPromptBehavior: dismiss and notify, webauthn:extension:credBlob: true, webauthn:extension:largeBlob: true, webauthn:extension:minPinLength: true, webauthn:extension:prf: true, webauthn:virtualAuthenticators: true}
Element: [[EdgeDriver: MicrosoftEdge on windows (e9611acea17f3f0649a2431d3e89a322)] -> xpath: //a[normalize-space()='Register']]
Session ID: e9611acea17f3f0649a2431d3e89a322
	at java.base/jdk.internal.reflect.NativeConstructorAccessorImpl.newInstance0(Native Method) ~[?:?]
	at java.base/jdk.internal.reflect.NativeConstructorAccessorImpl.newInstance(NativeConstructorAccessorImpl.java:77) ~[?:?]
	at java.base/jdk.internal.reflect.DelegatingConstructorAccessorImpl.newInstance(DelegatingConstructorAccessorImpl.java:45) ~[?:?]
	at java.base/java.lang.reflect.Constructor.newInstanceWithCaller(Constructor.java:500) ~[?:?]
	at java.base/java.lang.reflect.Constructor.newInstance(Constructor.java:481) ~[?:?]
	at org.openqa.selenium.remote.ErrorCodec.decode(ErrorCodec.java:167) ~[selenium-remote-driver-4.20.0.jar:?]
	at org.openqa.selenium.remote.codec.w3c.W3CHttpResponseCodec.decode(W3CHttpResponseCodec.java:138) ~[selenium-remote-driver-4.20.0.jar:?]
	at org.openqa.selenium.remote.codec.w3c.W3CHttpResponseCodec.decode(W3CHttpResponseCodec.java:50) ~[selenium-remote-driver-4.20.0.jar:?]
	at org.openqa.selenium.remote.HttpCommandExecutor.execute(HttpCommandExecutor.java:190) ~[selenium-remote-driver-4.20.0.jar:?]
	at org.openqa.selenium.remote.service.DriverCommandExecutor.invokeExecute(DriverCommandExecutor.java:216) ~[selenium-remote-driver-4.20.0.jar:?]
	at org.openqa.selenium.remote.service.DriverCommandExecutor.execute(DriverCommandExecutor.java:174) ~[selenium-remote-driver-4.20.0.jar:?]
	at org.openqa.selenium.remote.RemoteWebDriver.execute(RemoteWebDriver.java:518) ~[selenium-remote-driver-4.20.0.jar:?]
	at org.openqa.selenium.remote.RemoteWebElement.execute(RemoteWebElement.java:223) ~[selenium-remote-driver-4.20.0.jar:?]
	at org.openqa.selenium.remote.RemoteWebElement.click(RemoteWebElement.java:76) ~[selenium-remote-driver-4.20.0.jar:?]
	at java.base/jdk.internal.reflect.NativeMethodAccessorImpl.invoke0(Native Method) ~[?:?]
	at java.base/jdk.internal.reflect.NativeMethodAccessorImpl.invoke(NativeMethodAccessorImpl.java:77) ~[?:?]
	at java.base/jdk.internal.reflect.DelegatingMethodAccessorImpl.invoke(DelegatingMethodAccessorImpl.java:43) ~[?:?]
	at java.base/java.lang.reflect.Method.invoke(Method.java:569) ~[?:?]
	at org.openqa.selenium.support.pagefactory.internal.LocatingElementHandler.invoke(LocatingElementHandler.java:51) ~[selenium-support-4.20.0.jar:?]
	at jdk.proxy2/jdk.proxy2.$Proxy29.click(Unknown Source) ~[?:?]
	at pageObjects.HomePage.clickRegister(HomePage.java:30) ~[test-classes/:?]
	at testCases.TC001_AccountRegistrationTest.verify_account_registration(TC001_AccountRegistrationTest.java:22) ~[test-classes/:?]
	at java.base/jdk.internal.reflect.NativeMethodAccessorImpl.invoke0(Native Method) ~[?:?]
	at java.base/jdk.internal.reflect.NativeMethodAccessorImpl.invoke(NativeMethodAccessorImpl.java:77) ~[?:?]
	at java.base/jdk.internal.reflect.DelegatingMethodAccessorImpl.invoke(DelegatingMethodAccessorImpl.java:43) ~[?:?]
	at java.base/java.lang.reflect.Method.invoke(Method.java:569) ~[?:?]
	at org.testng.internal.invokers.MethodInvocationHelper.invokeMethod(MethodInvocationHelper.java:139) ~[testng-7.8.0.jar:7.8.0]
	at org.testng.internal.invokers.TestInvoker.invokeMethod(TestInvoker.java:664) ~[testng-7.8.0.jar:7.8.0]
	at org.testng.internal.invokers.TestInvoker.invokeTestMethod(TestInvoker.java:227) ~[testng-7.8.0.jar:7.8.0]
	at org.testng.internal.invokers.MethodRunner.runInSequence(MethodRunner.java:50) ~[testng-7.8.0.jar:7.8.0]
	at org.testng.internal.invokers.TestInvoker$MethodInvocationAgent.invoke(TestInvoker.java:957) ~[testng-7.8.0.jar:7.8.0]
	at org.testng.internal.invokers.TestInvoker.invokeTestMethods(TestInvoker.java:200) ~[testng-7.8.0.jar:7.8.0]
	at org.testng.internal.invokers.TestMethodWorker.invokeTestMethods(TestMethodWorker.java:148) ~[testng-7.8.0.jar:7.8.0]
	at org.testng.internal.invokers.TestMethodWorker.run(TestMethodWorker.java:128) ~[testng-7.8.0.jar:7.8.0]
	at java.base/java.util.ArrayList.forEach(ArrayList.java:1511) ~[?:?]
	at org.testng.TestRunner.privateRun(TestRunner.java:848) ~[testng-7.8.0.jar:7.8.0]
	at org.testng.TestRunner.run(TestRunner.java:621) ~[testng-7.8.0.jar:7.8.0]
	at org.testng.SuiteRunner.runTest(SuiteRunner.java:443) ~[testng-7.8.0.jar:7.8.0]
	at org.testng.SuiteRunner$SuiteWorker.run(SuiteRunner.java:481) ~[testng-7.8.0.jar:7.8.0]
	at org.testng.internal.thread.ThreadUtil.lambda$execute$0(ThreadUtil.java:58) ~[testng-7.8.0.jar:7.8.0]
	at java.base/java.util.concurrent.FutureTask.run(FutureTask.java:264) [?:?]
	at java.base/java.util.concurrent.ThreadPoolExecutor.runWorker(ThreadPoolExecutor.java:1136) [?:?]
	at java.base/java.util.concurrent.ThreadPoolExecutor$Worker.run(ThreadPoolExecutor.java:635) [?:?]
	at java.base/java.lang.Thread.run(Thread.java:840) [?:?]
14:55:17.783 [TestNG-tests-3] INFO  testCases.TC001_AccountRegistrationTest - ****** Starting TC001_Account Registration Test *****
14:55:18.323 [TestNG-tests-3] INFO  testCases.TC001_AccountRegistrationTest - Clicked on MyAccount Link....
14:55:19.364 [TestNG-tests-3] INFO  testCases.TC001_AccountRegistrationTest - Clicked on Register Link.....
14:55:19.371 [TestNG-tests-3] INFO  testCases.TC001_AccountRegistrationTest - Providing Customer Details.....
14:55:20.626 [TestNG-tests-3] INFO  testCases.TC001_AccountRegistrationTest - Validating Expected Message....
14:55:20.645 [TestNG-tests-3] INFO  testCases.TC001_AccountRegistrationTest - ****** Finished TC001_Account Registration Test *****
14:56:39.915 [main] INFO  testCases.TC001_AccountRegistrationTest - Starting test on Windows with browser: chrome
14:56:44.866 [main] INFO  testCases.TC001_AccountRegistrationTest - ****** Starting TC001_Account Registration Test *****
14:56:44.998 [main] INFO  testCases.TC001_AccountRegistrationTest - Clicked on MyAccount Link....
14:56:45.594 [main] INFO  testCases.TC001_AccountRegistrationTest - Clicked on Register Link.....
14:56:45.596 [main] INFO  testCases.TC001_AccountRegistrationTest - Providing Customer Details.....
14:56:47.094 [main] INFO  testCases.TC001_AccountRegistrationTest - Validating Expected Message....
14:56:47.151 [main] INFO  testCases.TC001_AccountRegistrationTest - ****** Finished TC001_Account Registration Test *****
14:56:48.413 [main] INFO  testCases.TC001_AccountRegistrationTest - Starting test on Windows with browser: edge
14:56:53.902 [main] INFO  testCases.TC001_AccountRegistrationTest - ****** Starting TC001_Account Registration Test *****
14:56:54.062 [main] INFO  testCases.TC001_AccountRegistrationTest - Clicked on MyAccount Link....
14:56:54.820 [main] INFO  testCases.TC001_AccountRegistrationTest - Clicked on Register Link.....
14:56:54.821 [main] INFO  testCases.TC001_AccountRegistrationTest - Providing Customer Details.....
14:56:56.704 [main] INFO  testCases.TC001_AccountRegistrationTest - Validating Expected Message....
14:56:56.759 [main] INFO  testCases.TC001_AccountRegistrationTest - ****** Finished TC001_Account Registration Test *****
14:56:58.496 [main] INFO  testCases.TC001_AccountRegistrationTest - Starting test on Windows with browser: firefox
14:57:06.188 [main] INFO  testCases.TC001_AccountRegistrationTest - ****** Starting TC001_Account Registration Test *****
14:57:06.535 [main] INFO  testCases.TC001_AccountRegistrationTest - Clicked on MyAccount Link....
14:57:07.180 [main] INFO  testCases.TC001_AccountRegistrationTest - Clicked on Register Link.....
14:57:07.180 [main] INFO  testCases.TC001_AccountRegistrationTest - Providing Customer Details.....
14:57:08.529 [main] INFO  testCases.TC001_AccountRegistrationTest - Validating Expected Message....
14:57:08.565 [main] INFO  testCases.TC001_AccountRegistrationTest - ****** Finished TC001_Account Registration Test *****
14:57:55.914 [TestNG-tests-2] INFO  testCases.TC001_AccountRegistrationTest - Starting test on Windows with browser: edge
14:58:02.007 [TestNG-tests-2] INFO  testCases.TC001_AccountRegistrationTest - ****** Starting TC001_Account Registration Test *****
14:58:02.020 [TestNG-tests-1] INFO  testCases.TC001_AccountRegistrationTest - ****** Starting TC001_Account Registration Test *****
14:58:02.725 [TestNG-tests-1] INFO  testCases.TC001_AccountRegistrationTest - Clicked on MyAccount Link....
14:58:02.850 [TestNG-tests-2] INFO  testCases.TC001_AccountRegistrationTest - Clicked on MyAccount Link....
14:58:13.029 [TestNG-tests-1] ERROR testCases.TC001_AccountRegistrationTest - Test Failed.....
org.openqa.selenium.ElementNotInteractableException: element not interactable
  (Session info: MicrosoftEdge=130.0.2849.80)
Build info: version: '4.20.0', revision: '866c76ca80'
System info: os.name: 'Windows 11', os.arch: 'amd64', os.version: '10.0', java.version: '17.0.12'
Driver info: org.openqa.selenium.edge.EdgeDriver
Command: [03f82f09ffc19c922e3bc2150fce4d71, clickElement {id=f.BD6432FAA932292E5AAE0E3EDAE8675E.d.D72433CB1FA9502EC8CD07F9853EEF86.e.77}]
Capabilities {acceptInsecureCerts: false, browserName: MicrosoftEdge, browserVersion: 130.0.2849.80, fedcm:accounts: true, ms:edgeOptions: {debuggerAddress: localhost:61745}, msedge: {msedgedriverVersion: 130.0.2849.80 (bbf5e2881b22..., userDataDir: C:\Users\sivabr\AppData\Loc...}, networkConnectionEnabled: false, pageLoadStrategy: normal, platformName: windows, proxy: Proxy(), se:cdp: ws://localhost:61745/devtoo..., se:cdpVersion: 130.0.2849.80, setWindowRect: true, strictFileInteractability: false, timeouts: {implicit: 0, pageLoad: 300000, script: 30000}, unhandledPromptBehavior: dismiss and notify, webauthn:extension:credBlob: true, webauthn:extension:largeBlob: true, webauthn:extension:minPinLength: true, webauthn:extension:prf: true, webauthn:virtualAuthenticators: true}
Element: [[EdgeDriver: MicrosoftEdge on windows (03f82f09ffc19c922e3bc2150fce4d71)] -> xpath: //a[normalize-space()='Register']]
Session ID: 03f82f09ffc19c922e3bc2150fce4d71
	at java.base/jdk.internal.reflect.NativeConstructorAccessorImpl.newInstance0(Native Method) ~[?:?]
	at java.base/jdk.internal.reflect.NativeConstructorAccessorImpl.newInstance(NativeConstructorAccessorImpl.java:77) ~[?:?]
	at java.base/jdk.internal.reflect.DelegatingConstructorAccessorImpl.newInstance(DelegatingConstructorAccessorImpl.java:45) ~[?:?]
	at java.base/java.lang.reflect.Constructor.newInstanceWithCaller(Constructor.java:500) ~[?:?]
	at java.base/java.lang.reflect.Constructor.newInstance(Constructor.java:481) ~[?:?]
	at org.openqa.selenium.remote.ErrorCodec.decode(ErrorCodec.java:167) ~[selenium-remote-driver-4.20.0.jar:?]
	at org.openqa.selenium.remote.codec.w3c.W3CHttpResponseCodec.decode(W3CHttpResponseCodec.java:138) ~[selenium-remote-driver-4.20.0.jar:?]
	at org.openqa.selenium.remote.codec.w3c.W3CHttpResponseCodec.decode(W3CHttpResponseCodec.java:50) ~[selenium-remote-driver-4.20.0.jar:?]
	at org.openqa.selenium.remote.HttpCommandExecutor.execute(HttpCommandExecutor.java:190) ~[selenium-remote-driver-4.20.0.jar:?]
	at org.openqa.selenium.remote.service.DriverCommandExecutor.invokeExecute(DriverCommandExecutor.java:216) ~[selenium-remote-driver-4.20.0.jar:?]
	at org.openqa.selenium.remote.service.DriverCommandExecutor.execute(DriverCommandExecutor.java:174) ~[selenium-remote-driver-4.20.0.jar:?]
	at org.openqa.selenium.remote.RemoteWebDriver.execute(RemoteWebDriver.java:518) ~[selenium-remote-driver-4.20.0.jar:?]
	at org.openqa.selenium.remote.RemoteWebElement.execute(RemoteWebElement.java:223) ~[selenium-remote-driver-4.20.0.jar:?]
	at org.openqa.selenium.remote.RemoteWebElement.click(RemoteWebElement.java:76) ~[selenium-remote-driver-4.20.0.jar:?]
	at java.base/jdk.internal.reflect.NativeMethodAccessorImpl.invoke0(Native Method) ~[?:?]
	at java.base/jdk.internal.reflect.NativeMethodAccessorImpl.invoke(NativeMethodAccessorImpl.java:77) ~[?:?]
	at java.base/jdk.internal.reflect.DelegatingMethodAccessorImpl.invoke(DelegatingMethodAccessorImpl.java:43) ~[?:?]
	at java.base/java.lang.reflect.Method.invoke(Method.java:569) ~[?:?]
	at org.openqa.selenium.support.pagefactory.internal.LocatingElementHandler.invoke(LocatingElementHandler.java:51) ~[selenium-support-4.20.0.jar:?]
	at jdk.proxy2/jdk.proxy2.$Proxy30.click(Unknown Source) ~[?:?]
	at pageObjects.HomePage.clickRegister(HomePage.java:30) ~[test-classes/:?]
	at testCases.TC001_AccountRegistrationTest.verify_account_registration(TC001_AccountRegistrationTest.java:22) ~[test-classes/:?]
	at java.base/jdk.internal.reflect.NativeMethodAccessorImpl.invoke0(Native Method) ~[?:?]
	at java.base/jdk.internal.reflect.NativeMethodAccessorImpl.invoke(NativeMethodAccessorImpl.java:77) ~[?:?]
	at java.base/jdk.internal.reflect.DelegatingMethodAccessorImpl.invoke(DelegatingMethodAccessorImpl.java:43) ~[?:?]
	at java.base/java.lang.reflect.Method.invoke(Method.java:569) ~[?:?]
	at org.testng.internal.invokers.MethodInvocationHelper.invokeMethod(MethodInvocationHelper.java:139) ~[testng-7.8.0.jar:7.8.0]
	at org.testng.internal.invokers.TestInvoker.invokeMethod(TestInvoker.java:664) ~[testng-7.8.0.jar:7.8.0]
	at org.testng.internal.invokers.TestInvoker.invokeTestMethod(TestInvoker.java:227) ~[testng-7.8.0.jar:7.8.0]
	at org.testng.internal.invokers.MethodRunner.runInSequence(MethodRunner.java:50) ~[testng-7.8.0.jar:7.8.0]
	at org.testng.internal.invokers.TestInvoker$MethodInvocationAgent.invoke(TestInvoker.java:957) ~[testng-7.8.0.jar:7.8.0]
	at org.testng.internal.invokers.TestInvoker.invokeTestMethods(TestInvoker.java:200) ~[testng-7.8.0.jar:7.8.0]
	at org.testng.internal.invokers.TestMethodWorker.invokeTestMethods(TestMethodWorker.java:148) ~[testng-7.8.0.jar:7.8.0]
	at org.testng.internal.invokers.TestMethodWorker.run(TestMethodWorker.java:128) ~[testng-7.8.0.jar:7.8.0]
	at java.base/java.util.ArrayList.forEach(ArrayList.java:1511) ~[?:?]
	at org.testng.TestRunner.privateRun(TestRunner.java:848) ~[testng-7.8.0.jar:7.8.0]
	at org.testng.TestRunner.run(TestRunner.java:621) ~[testng-7.8.0.jar:7.8.0]
	at org.testng.SuiteRunner.runTest(SuiteRunner.java:443) ~[testng-7.8.0.jar:7.8.0]
	at org.testng.SuiteRunner$SuiteWorker.run(SuiteRunner.java:481) ~[testng-7.8.0.jar:7.8.0]
	at org.testng.internal.thread.ThreadUtil.lambda$execute$0(ThreadUtil.java:58) ~[testng-7.8.0.jar:7.8.0]
	at java.base/java.util.concurrent.FutureTask.run(FutureTask.java:264) [?:?]
	at java.base/java.util.concurrent.ThreadPoolExecutor.runWorker(ThreadPoolExecutor.java:1136) [?:?]
	at java.base/java.util.concurrent.ThreadPoolExecutor$Worker.run(ThreadPoolExecutor.java:635) [?:?]
	at java.base/java.lang.Thread.run(Thread.java:840) [?:?]
14:58:19.098 [TestNG-tests-3] INFO  testCases.TC001_AccountRegistrationTest - ****** Starting TC001_Account Registration Test *****
14:58:19.430 [TestNG-tests-3] INFO  testCases.TC001_AccountRegistrationTest - Clicked on MyAccount Link....
14:58:20.038 [TestNG-tests-3] INFO  testCases.TC001_AccountRegistrationTest - Clicked on Register Link.....
14:58:20.041 [TestNG-tests-3] INFO  testCases.TC001_AccountRegistrationTest - Providing Customer Details.....
14:58:21.567 [TestNG-tests-3] INFO  testCases.TC001_AccountRegistrationTest - Validating Expected Message....
14:58:21.590 [TestNG-tests-3] INFO  testCases.TC001_AccountRegistrationTest - ****** Finished TC001_Account Registration Test *****
14:58:23.078 [TestNG-tests-2] ERROR testCases.TC001_AccountRegistrationTest - Test Failed.....
org.openqa.selenium.ElementNotInteractableException: element not interactable
  (Session info: MicrosoftEdge=130.0.2849.80)
Build info: version: '4.20.0', revision: '866c76ca80'
System info: os.name: 'Windows 11', os.arch: 'amd64', os.version: '10.0', java.version: '17.0.12'
Driver info: org.openqa.selenium.edge.EdgeDriver
Command: [03f82f09ffc19c922e3bc2150fce4d71, clickElement {id=f.BD6432FAA932292E5AAE0E3EDAE8675E.d.D72433CB1FA9502EC8CD07F9853EEF86.e.77}]
Capabilities {acceptInsecureCerts: false, browserName: MicrosoftEdge, browserVersion: 130.0.2849.80, fedcm:accounts: true, ms:edgeOptions: {debuggerAddress: localhost:61745}, msedge: {msedgedriverVersion: 130.0.2849.80 (bbf5e2881b22..., userDataDir: C:\Users\sivabr\AppData\Loc...}, networkConnectionEnabled: false, pageLoadStrategy: normal, platformName: windows, proxy: Proxy(), se:cdp: ws://localhost:61745/devtoo..., se:cdpVersion: 130.0.2849.80, setWindowRect: true, strictFileInteractability: false, timeouts: {implicit: 0, pageLoad: 300000, script: 30000}, unhandledPromptBehavior: dismiss and notify, webauthn:extension:credBlob: true, webauthn:extension:largeBlob: true, webauthn:extension:minPinLength: true, webauthn:extension:prf: true, webauthn:virtualAuthenticators: true}
Element: [[EdgeDriver: MicrosoftEdge on windows (03f82f09ffc19c922e3bc2150fce4d71)] -> xpath: //a[normalize-space()='Register']]
Session ID: 03f82f09ffc19c922e3bc2150fce4d71
	at java.base/jdk.internal.reflect.NativeConstructorAccessorImpl.newInstance0(Native Method) ~[?:?]
	at java.base/jdk.internal.reflect.NativeConstructorAccessorImpl.newInstance(NativeConstructorAccessorImpl.java:77) ~[?:?]
	at java.base/jdk.internal.reflect.DelegatingConstructorAccessorImpl.newInstance(DelegatingConstructorAccessorImpl.java:45) ~[?:?]
	at java.base/java.lang.reflect.Constructor.newInstanceWithCaller(Constructor.java:500) ~[?:?]
	at java.base/java.lang.reflect.Constructor.newInstance(Constructor.java:481) ~[?:?]
	at org.openqa.selenium.remote.ErrorCodec.decode(ErrorCodec.java:167) ~[selenium-remote-driver-4.20.0.jar:?]
	at org.openqa.selenium.remote.codec.w3c.W3CHttpResponseCodec.decode(W3CHttpResponseCodec.java:138) ~[selenium-remote-driver-4.20.0.jar:?]
	at org.openqa.selenium.remote.codec.w3c.W3CHttpResponseCodec.decode(W3CHttpResponseCodec.java:50) ~[selenium-remote-driver-4.20.0.jar:?]
	at org.openqa.selenium.remote.HttpCommandExecutor.execute(HttpCommandExecutor.java:190) ~[selenium-remote-driver-4.20.0.jar:?]
	at org.openqa.selenium.remote.service.DriverCommandExecutor.invokeExecute(DriverCommandExecutor.java:216) ~[selenium-remote-driver-4.20.0.jar:?]
	at org.openqa.selenium.remote.service.DriverCommandExecutor.execute(DriverCommandExecutor.java:174) ~[selenium-remote-driver-4.20.0.jar:?]
	at org.openqa.selenium.remote.RemoteWebDriver.execute(RemoteWebDriver.java:518) ~[selenium-remote-driver-4.20.0.jar:?]
	at org.openqa.selenium.remote.RemoteWebElement.execute(RemoteWebElement.java:223) ~[selenium-remote-driver-4.20.0.jar:?]
	at org.openqa.selenium.remote.RemoteWebElement.click(RemoteWebElement.java:76) ~[selenium-remote-driver-4.20.0.jar:?]
	at java.base/jdk.internal.reflect.NativeMethodAccessorImpl.invoke0(Native Method) ~[?:?]
	at java.base/jdk.internal.reflect.NativeMethodAccessorImpl.invoke(NativeMethodAccessorImpl.java:77) ~[?:?]
	at java.base/jdk.internal.reflect.DelegatingMethodAccessorImpl.invoke(DelegatingMethodAccessorImpl.java:43) ~[?:?]
	at java.base/java.lang.reflect.Method.invoke(Method.java:569) ~[?:?]
	at org.openqa.selenium.support.pagefactory.internal.LocatingElementHandler.invoke(LocatingElementHandler.java:51) ~[selenium-support-4.20.0.jar:?]
	at jdk.proxy2/jdk.proxy2.$Proxy30.click(Unknown Source) ~[?:?]
	at pageObjects.HomePage.clickRegister(HomePage.java:30) ~[test-classes/:?]
	at testCases.TC001_AccountRegistrationTest.verify_account_registration(TC001_AccountRegistrationTest.java:22) ~[test-classes/:?]
	at java.base/jdk.internal.reflect.NativeMethodAccessorImpl.invoke0(Native Method) ~[?:?]
	at java.base/jdk.internal.reflect.NativeMethodAccessorImpl.invoke(NativeMethodAccessorImpl.java:77) ~[?:?]
	at java.base/jdk.internal.reflect.DelegatingMethodAccessorImpl.invoke(DelegatingMethodAccessorImpl.java:43) ~[?:?]
	at java.base/java.lang.reflect.Method.invoke(Method.java:569) ~[?:?]
	at org.testng.internal.invokers.MethodInvocationHelper.invokeMethod(MethodInvocationHelper.java:139) ~[testng-7.8.0.jar:7.8.0]
	at org.testng.internal.invokers.TestInvoker.invokeMethod(TestInvoker.java:664) ~[testng-7.8.0.jar:7.8.0]
	at org.testng.internal.invokers.TestInvoker.invokeTestMethod(TestInvoker.java:227) ~[testng-7.8.0.jar:7.8.0]
	at org.testng.internal.invokers.MethodRunner.runInSequence(MethodRunner.java:50) ~[testng-7.8.0.jar:7.8.0]
	at org.testng.internal.invokers.TestInvoker$MethodInvocationAgent.invoke(TestInvoker.java:957) ~[testng-7.8.0.jar:7.8.0]
	at org.testng.internal.invokers.TestInvoker.invokeTestMethods(TestInvoker.java:200) ~[testng-7.8.0.jar:7.8.0]
	at org.testng.internal.invokers.TestMethodWorker.invokeTestMethods(TestMethodWorker.java:148) ~[testng-7.8.0.jar:7.8.0]
	at org.testng.internal.invokers.TestMethodWorker.run(TestMethodWorker.java:128) ~[testng-7.8.0.jar:7.8.0]
	at java.base/java.util.ArrayList.forEach(ArrayList.java:1511) ~[?:?]
	at org.testng.TestRunner.privateRun(TestRunner.java:848) ~[testng-7.8.0.jar:7.8.0]
	at org.testng.TestRunner.run(TestRunner.java:621) ~[testng-7.8.0.jar:7.8.0]
	at org.testng.SuiteRunner.runTest(SuiteRunner.java:443) ~[testng-7.8.0.jar:7.8.0]
	at org.testng.SuiteRunner$SuiteWorker.run(SuiteRunner.java:481) ~[testng-7.8.0.jar:7.8.0]
	at org.testng.internal.thread.ThreadUtil.lambda$execute$0(ThreadUtil.java:58) ~[testng-7.8.0.jar:7.8.0]
	at java.base/java.util.concurrent.FutureTask.run(FutureTask.java:264) [?:?]
	at java.base/java.util.concurrent.ThreadPoolExecutor.runWorker(ThreadPoolExecutor.java:1136) [?:?]
	at java.base/java.util.concurrent.ThreadPoolExecutor$Worker.run(ThreadPoolExecutor.java:635) [?:?]
	at java.base/java.lang.Thread.run(Thread.java:840) [?:?]
